<?xml version="1.0" encoding="UTF-8"?>
<!-- Generated by org.testng.reporters.JUnitXMLReporter -->
<testsuite hostname="DESKTOP-LLLGMOJ" failures="1" tests="4" name="Test" time="41.539" errors="0" timestamp="28 May 2023 03:27:37 GMT">
  <testcase classname="runner.TestRunner" name="runScenario" time="14.966"/>
  <testcase classname="runner.TestRunner" name="runScenario" time="7.952"/>
  <testcase classname="runner.TestRunner" name="runScenario" time="8.416"/>
  <testcase classname="runner.TestRunner" name="runScenario" time="38.69">
    <failure type="java.lang.ClassCastException" message="class runner.TestRunner cannot be cast to class utilities.SeleniumUtility (runner.TestRunner and utilities.SeleniumUtility are in unnamed module of loader &amp;apos;app&amp;apos;)">
      <![CDATA[java.lang.ClassCastException: class runner.TestRunner cannot be cast to class utilities.SeleniumUtility (runner.TestRunner and utilities.SeleniumUtility are in unnamed module of loader 'app')
	at utilities.Retry.extendReportsFailOperations(Retry.java:33)
	at utilities.Retry.retry(Retry.java:22)
... Removed 20 stack frames]]>
    </failure>
  </testcase> <!-- runScenario -->
</testsuite> <!-- Test -->
